\BOOKMARK [0][-]{part.1}{I Questions for Written Assignments}{}% 1
\BOOKMARK [1][-]{section.2}{Multivariable Functions and Algebra}{part.1}% 2
\BOOKMARK [2][-]{subsection.2.1}{Dot Products and Cross Products}{section.2}% 3
\BOOKMARK [2][-]{subsection.2.2}{Lines and Planes}{section.2}% 4
\BOOKMARK [2][-]{subsection.2.3}{Linear Systems}{section.2}% 5
\BOOKMARK [2][-]{subsection.2.4}{Vector-Valued Functions}{section.2}% 6
\BOOKMARK [1][-]{section.3}{Multiple Integrals}{part.1}% 7
\BOOKMARK [2][-]{subsection.3.0}{Wolfram Alpha Syntax \(optional\)}{section.3}% 8
\BOOKMARK [2][-]{subsection.3.1}{Double Integrals}{section.3}% 9
\BOOKMARK [2][-]{subsection.3.2}{Double Integrals Over a General Region}{section.3}% 10
\BOOKMARK [2][-]{subsection.3.3}{Triple Integrals}{section.3}% 11
\BOOKMARK [2][-]{subsection.3.4}{Change of Variables in Multiple Integrals}{section.3}% 12
\BOOKMARK [2][-]{subsection.3.5}{Application: Center of Mass}{section.3}% 13
\BOOKMARK [0][-]{part.2}{II Solutions to Written Assignment Questions}{}% 14
\BOOKMARK [1][-]{section.2}{Multivariable Functions and Algebra}{part.2}% 15
\BOOKMARK [2][-]{subsection.2.1}{Dot Products and Cross Products}{section.2}% 16
\BOOKMARK [2][-]{subsection.2.2}{Lines and Planes}{section.2}% 17
\BOOKMARK [2][-]{subsection.2.3}{Linear Systems}{section.2}% 18
\BOOKMARK [2][-]{subsection.2.4}{Vector-Valued Functions}{section.2}% 19
\BOOKMARK [1][-]{section.3}{Multiple Integrals}{part.2}% 20
\BOOKMARK [2][-]{subsection.3.1}{Double Integrals}{section.3}% 21
\BOOKMARK [2][-]{subsection.3.2}{Double Integrals Over a General Region}{section.3}% 22
\BOOKMARK [2][-]{subsection.3.3}{Triple Integrals}{section.3}% 23
\BOOKMARK [2][-]{subsection.3.4}{Change of Variables in Multiple Integrals}{section.3}% 24
\BOOKMARK [2][-]{subsection.3.5}{Application: Center of Mass}{section.3}% 25
